<?xml version="1.0" encoding="UTF-8"?>
<coverage generated="1546700904877" clover="3.2.0">
  <project timestamp="1546700904877" name="All files">
    <metrics statements="60" coveredstatements="52" conditionals="2" coveredconditionals="1" methods="48" coveredmethods="42" elements="110" coveredelements="95" complexity="0" loc="60" ncloc="60" packages="6" files="13" classes="13">
      <package name="components">
        <metrics statements="12" coveredstatements="12" conditionals="0" coveredconditionals="0" methods="10" coveredmethods="10"/>
        <file name="App.js" path="/Users/Walid/Documents/Dev/react/app/js/components/App.js">
          <metrics statements="4" coveredstatements="4" conditionals="0" coveredconditionals="0" methods="3" coveredmethods="3"/>
          <line num="8" count="2" type="stmt"/>
          <line num="10" count="2" type="stmt"/>
          <line num="16" count="1" type="stmt"/>
          <line num="20" count="1" type="stmt"/>
        </file>
        <file name="Tags.js" path="/Users/Walid/Documents/Dev/react/app/js/components/Tags.js">
          <metrics statements="3" coveredstatements="3" conditionals="0" coveredconditionals="0" methods="3" coveredmethods="3"/>
          <line num="6" count="2" type="stmt"/>
          <line num="10" count="2" type="stmt"/>
          <line num="12" count="2" type="stmt"/>
        </file>
        <file name="Uploader.js" path="/Users/Walid/Documents/Dev/react/app/js/components/Uploader.js">
          <metrics statements="5" coveredstatements="5" conditionals="0" coveredconditionals="0" methods="4" coveredmethods="4"/>
          <line num="9" count="5" type="stmt"/>
          <line num="11" count="5" type="stmt"/>
          <line num="19" count="1" type="stmt"/>
          <line num="23" count="1" type="stmt"/>
          <line num="27" count="3" type="stmt"/>
        </file>
      </package>
      <package name="components.uploader">
        <metrics statements="13" coveredstatements="6" conditionals="2" coveredconditionals="1" methods="10" coveredmethods="5"/>
        <file name="Droparea.js" path="/Users/Walid/Documents/Dev/react/app/js/components/uploader/Droparea.js">
          <metrics statements="11" coveredstatements="4" conditionals="2" coveredconditionals="1" methods="8" coveredmethods="3"/>
          <line num="16" count="4" type="stmt"/>
          <line num="18" count="4" type="stmt"/>
          <line num="25" count="0" type="stmt"/>
          <line num="30" count="0" type="stmt"/>
          <line num="32" count="0" type="stmt"/>
          <line num="41" count="0" type="stmt"/>
          <line num="47" count="0" type="stmt"/>
          <line num="53" count="0" type="stmt"/>
          <line num="59" count="0" type="stmt"/>
          <line num="63" count="4" type="stmt"/>
          <line num="71" count="4" type="stmt"/>
        </file>
        <file name="Thumbs.js" path="/Users/Walid/Documents/Dev/react/app/js/components/uploader/Thumbs.js">
          <metrics statements="2" coveredstatements="2" conditionals="0" coveredconditionals="0" methods="2" coveredmethods="2"/>
          <line num="6" count="4" type="stmt"/>
          <line num="9" count="1" type="stmt"/>
        </file>
      </package>
      <package name="lib.entities">
        <metrics statements="6" coveredstatements="6" conditionals="0" coveredconditionals="0" methods="6" coveredmethods="6"/>
        <file name="FilesUpload.js" path="/Users/Walid/Documents/Dev/react/app/js/lib/entities/FilesUpload.js">
          <metrics statements="6" coveredstatements="6" conditionals="0" coveredconditionals="0" methods="6" coveredmethods="6"/>
          <line num="5" count="7" type="stmt"/>
          <line num="9" count="2" type="stmt"/>
          <line num="15" count="3" type="stmt"/>
          <line num="17" count="3" type="stmt"/>
          <line num="19" count="3" type="stmt"/>
          <line num="23" count="2" type="stmt"/>
        </file>
      </package>
      <package name="lib.gateways">
        <metrics statements="2" coveredstatements="2" conditionals="0" coveredconditionals="0" methods="2" coveredmethods="2"/>
        <file name="ImmagaGateway.js" path="/Users/Walid/Documents/Dev/react/app/js/lib/gateways/ImmagaGateway.js">
          <metrics statements="2" coveredstatements="2" conditionals="0" coveredconditionals="0" methods="2" coveredmethods="2"/>
          <line num="3" count="1" type="stmt"/>
          <line num="11" count="2" type="stmt"/>
        </file>
      </package>
      <package name="lib.presenters">
        <metrics statements="15" coveredstatements="14" conditionals="0" coveredconditionals="0" methods="13" coveredmethods="12"/>
        <file name="PreviewPresenter.js" path="/Users/Walid/Documents/Dev/react/app/js/lib/presenters/PreviewPresenter.js">
          <metrics statements="4" coveredstatements="4" conditionals="0" coveredconditionals="0" methods="2" coveredmethods="2"/>
          <line num="3" count="1" type="stmt"/>
          <line num="4" count="1" type="stmt"/>
          <line num="8" count="1" type="stmt"/>
          <line num="10" count="1" type="stmt"/>
        </file>
        <file name="UploadOptionsPresenter.js" path="/Users/Walid/Documents/Dev/react/app/js/lib/presenters/UploadOptionsPresenter.js">
          <metrics statements="6" coveredstatements="5" conditionals="0" coveredconditionals="0" methods="6" coveredmethods="5"/>
          <line num="3" count="1" type="stmt"/>
          <line num="7" count="1" type="stmt"/>
          <line num="11" count="1" type="stmt"/>
          <line num="13" count="0" type="stmt"/>
          <line num="19" count="1" type="stmt"/>
          <line num="28" count="1" type="stmt"/>
        </file>
        <file name="UploadPresenter.js" path="/Users/Walid/Documents/Dev/react/app/js/lib/presenters/UploadPresenter.js">
          <metrics statements="5" coveredstatements="5" conditionals="0" coveredconditionals="0" methods="5" coveredmethods="5"/>
          <line num="3" count="1" type="stmt"/>
          <line num="4" count="1" type="stmt"/>
          <line num="8" count="1" type="stmt"/>
          <line num="10" count="1" type="stmt"/>
          <line num="15" count="1" type="stmt"/>
        </file>
      </package>
      <package name="lib.useCases">
        <metrics statements="12" coveredstatements="12" conditionals="0" coveredconditionals="0" methods="7" coveredmethods="7"/>
        <file name="PreviewUseCase.js" path="/Users/Walid/Documents/Dev/react/app/js/lib/useCases/PreviewUseCase.js">
          <metrics statements="3" coveredstatements="3" conditionals="0" coveredconditionals="0" methods="2" coveredmethods="2"/>
          <line num="5" count="1" type="stmt"/>
          <line num="9" count="1" type="stmt"/>
          <line num="11" count="1" type="stmt"/>
        </file>
        <file name="RevokeUseCase.js" path="/Users/Walid/Documents/Dev/react/app/js/lib/useCases/RevokeUseCase.js">
          <metrics statements="3" coveredstatements="3" conditionals="0" coveredconditionals="0" methods="2" coveredmethods="2"/>
          <line num="5" count="1" type="stmt"/>
          <line num="9" count="1" type="stmt"/>
          <line num="11" count="1" type="stmt"/>
        </file>
        <file name="UploadUseCase.js" path="/Users/Walid/Documents/Dev/react/app/js/lib/useCases/UploadUseCase.js">
          <metrics statements="6" coveredstatements="6" conditionals="0" coveredconditionals="0" methods="3" coveredmethods="3"/>
          <line num="5" count="1" type="stmt"/>
          <line num="6" count="1" type="stmt"/>
          <line num="7" count="1" type="stmt"/>
          <line num="11" count="1" type="stmt"/>
          <line num="15" count="1" type="stmt"/>
          <line num="17" count="1" type="stmt"/>
        </file>
      </package>
    </metrics>
  </project>
</coverage>
